<?xml version="1.0" encoding="UTF-8"?>
<testsuite name="WallServiceTest" tests="5" skipped="0" failures="0" errors="0" timestamp="2023-10-25T20:11:58" hostname="DESKTOP-U6M0ICK" time="0.039">
  <properties/>
  <testcase name="updateExistingId" classname="WallServiceTest" time="0.036"/>
  <testcase name="shouldThrow" classname="WallServiceTest" time="0.001"/>
  <testcase name="newCommentCreatedSuccessfully" classname="WallServiceTest" time="0.001"/>
  <testcase name="updateNonExistingId" classname="WallServiceTest" time="0.0"/>
  <testcase name="addIdIsNotZero" classname="WallServiceTest" time="0.0"/>
  <system-out><![CDATA[]]></system-out>
  <system-err><![CDATA[]]></system-err>
</testsuite>
