<?xml version="1.0" encoding="UTF-8"?>
<testsuite name="WallServiceTest" tests="3" skipped="0" failures="0" errors="0" timestamp="2023-10-20T20:13:26" hostname="DESKTOP-U6M0ICK" time="0.04">
  <properties/>
  <testcase name="updateExistingId" classname="WallServiceTest" time="0.038"/>
  <testcase name="updateNonExistingId" classname="WallServiceTest" time="0.001"/>
  <testcase name="addIdIsNotZero" classname="WallServiceTest" time="0.001"/>
  <system-out><![CDATA[]]></system-out>
  <system-err><![CDATA[]]></system-err>
</testsuite>
